------------------------------------------------------------------------------------------
                      OverCon          OverCon          OverCon          OverCon
                       #GCell           #GCell           #GCell           #GCell  %GCell
       Layer          (1 - 1)          (2 - 3)          (4 - 5)          (6 - 7)  OverCon
------------------------------------------------------------------------------------------
     M1 ( 1)       0 ( 0.00%)       0 ( 0.00%)       0 ( 0.00%)       0 ( 0.00%)  ( 0.00%)
     M2 ( 2)      51 ( 0.04%)      74 ( 0.06%)       0 ( 0.00%)       0 ( 0.00%)  ( 0.09%)
     M3 ( 3)     987 ( 0.73%)     458 ( 0.34%)      55 ( 0.04%)      17 ( 0.01%)  ( 1.13%)
     M4 ( 4)      14 ( 0.01%)       4 ( 0.00%)       0 ( 0.00%)       0 ( 0.00%)  ( 0.01%)
     M5 ( 5)     346 ( 0.26%)      22 ( 0.02%)       0 ( 0.00%)       0 ( 0.00%)  ( 0.27%)
     M6 ( 6)      32 ( 0.01%)      21 ( 0.01%)       0 ( 0.00%)       0 ( 0.00%)  ( 0.02%)
     M7 ( 7)     499 ( 0.24%)      90 ( 0.04%)       0 ( 0.00%)       0 ( 0.00%)  ( 0.29%)
     M8 ( 8)       1 ( 0.00%)       0 ( 0.00%)       0 ( 0.00%)       0 ( 0.00%)  ( 0.00%)
     M9 ( 9)     173 ( 0.12%)      42 ( 0.03%)       0 ( 0.00%)       0 ( 0.00%)  ( 0.14%)
   MRDL (10)       0 ( 0.00%)       0 ( 0.00%)       0 ( 0.00%)       0 ( 0.00%)  ( 0.00%)
------------------------------------------------------------------------------------------
       Total    2103 ( 0.15%)     711 ( 0.05%)      55 ( 0.00%)      17 ( 0.00%)  ( 0.21%)
------------------------------------------------------------------------------------------
2D Overflow (GR compatible) 0.43% H + 0.03% V
2D Overflow 0.49% H + 0.03% V
[hotspot] +------------+---------------+---------------+
[hotspot] |    layer   |  max hotspot  | total hotspot |
[hotspot] +------------+---------------+---------------+
[hotspot] |    M1(H)   |          0.00 |          0.00 |
[hotspot] |    M2(V)   |          0.52 |          0.79 |
[hotspot] |    M3(H)   |         65.57 |         88.79 |
[hotspot] |    M4(V)   |          0.00 |          0.00 |
[hotspot] |    M5(H)   |         11.15 |         13.77 |
[hotspot] |    M6(V)   |          0.00 |          0.00 |
[hotspot] |    M7(H)   |         84.33 |         99.67 |
[hotspot] |    M8(V)   |          0.00 |          0.00 |
[hotspot] |    M9(H)   |         29.77 |         31.34 |
[hotspot] |   MRDL(V)   |          0.00 |          0.00 |
[hotspot] +------------+---------------+---------------+
[hotspot] |   worst    | (M7)    84.33 | (M7)    99.67 |
[hotspot] +------------+---------------+---------------+
[hotspot] | all layers |        122.69 |        135.41 |
[hotspot] +------------+---------------+---------------+
Local HotSpot Analysis (3d): normalized congestion max/total hotspot area = 122.69/135.41 (area is in unit of 4 std-cell row bins)
[hotspot] top 5 congestion hotspot bounding boxes and scores of all layers hotspot
[hotspot] +-----+-------------------------------------+---------------+
[hotspot] | top |            hotspot bbox             | hotspot score |
[hotspot] +-----+-------------------------------------+---------------+
[hotspot] |  1  |   200.64    93.63   307.65   160.51 |      119.48   |
[hotspot] +-----+-------------------------------------+---------------+
[hotspot] |  2  |   107.01   107.01   133.76   133.76 |        4.66   |
[hotspot] +-----+-------------------------------------+---------------+
[hotspot] |  3  |   535.04   722.30   561.79   740.70 |        3.02   |
[hotspot] +-----+-------------------------------------+---------------+
[hotspot] |  4  |   173.89    93.63   200.64   120.38 |        1.97   |
[hotspot] +-----+-------------------------------------+---------------+
[hotspot] |  5  |    80.26   107.01   107.01   133.76 |        1.25   |
[hotspot] +-----+-------------------------------------+---------------+
