Usage: (20.8%H 12.0%V) = (5.216e+05um 6.200e+05um) = (311978 370791)
Overflow: 1239 = 1231 (0.57% H) + 8 (0.00% V)

Congestion distribution:

Remain	cntH		cntV
--------------------------------------
 -5:	10	 0.00%	0	 0.00%
 -4:	12	 0.01%	0	 0.00%
 -3:	56	 0.03%	0	 0.00%
 -2:	247	 0.11%	2	 0.00%
 -1:	738	 0.34%	5	 0.00%
--------------------------------------
  0:	5329	 2.46%	62	 0.03%
  1:	31358	14.49%	1250	 0.57%
  2:	29329	13.55%	6958	 3.20%
  3:	21719	10.03%	19443	 8.94%
  4:	6571	 3.04%	26562	12.21%
  5:	121101	55.94%	163231	75.04%
[hotspot] +------------+---------------+---------------+
[hotspot] |            |   max hotspot | total hotspot |
[hotspot] +------------+---------------+---------------+
[hotspot] | normalized |        117.38 |        119.48 |
[hotspot] +------------+---------------+---------------+
Local HotSpot Analysis: normalized max congestion hotspot area = 117.38, normalized total congestion hotspot area = 119.48 (area is in unit of 4 std-cell row bins)
[hotspot] top 5 congestion hotspot bounding boxes and scores of normalized hotspot
[hotspot] +-----+-------------------------------------+---------------+
[hotspot] | top |            hotspot bbox             | hotspot score |
[hotspot] +-----+-------------------------------------+---------------+
[hotspot] |  1  |   200.64    93.63   307.65   160.51 |      115.93   |
[hotspot] +-----+-------------------------------------+---------------+
[hotspot] |  2  |   267.52   160.51   294.27   187.26 |        1.18   |
[hotspot] +-----+-------------------------------------+---------------+
[hotspot] |  3  |   173.89    93.63   200.64   120.38 |        0.79   |
[hotspot] +-----+-------------------------------------+---------------+
[hotspot] |  4  |   521.66   722.30   548.42   740.70 |        0.79   |
[hotspot] +-----+-------------------------------------+---------------+
[hotspot] |  5  |    93.63    93.63   120.38   120.38 |        0.52   |
[hotspot] +-----+-------------------------------------+---------------+
